[22:29:40] [ServerMain/INFO]: Environment: Environment[sessionHost=https://sessionserver.mojang.com, servicesHost=https://api.minecraftservices.com, name=PROD]
[22:29:42] [ServerMain/INFO]: Loaded 1337 recipes
[22:29:42] [ServerMain/INFO]: Loaded 1448 advancements
[22:29:42] [Server thread/INFO]: Starting minecraft server version 1.21.3
[22:29:42] [Server thread/INFO]: Loading properties
[22:29:42] [Server thread/INFO]: Default game type: SURVIVAL
[22:29:42] [Server thread/INFO]: Generating keypair
[22:29:42] [Server thread/INFO]: Starting Minecraft server on *:25565
[22:29:43] [Server thread/INFO]: Using epoll channel type
[22:29:43] [Server thread/WARN]: **** SERVER IS RUNNING IN OFFLINE/INSECURE MODE!
[22:29:43] [Server thread/WARN]: The server will make no attempt to authenticate usernames. Beware.
[22:29:43] [Server thread/WARN]: While this makes the game possible to play without internet access, it also opens up the ability for hackers to connect with any username they choose.
[22:29:43] [Server thread/WARN]: To change this, set "online-mode" to "true" in the server.properties file.
[22:29:43] [Server thread/INFO]: Preparing level "world"
[22:29:43] [Server thread/INFO]: Preparing start region for dimension minecraft:overworld
[22:29:46] [Worker-Main-2/INFO]: Preparing spawn area: 0%
[22:29:46] [Worker-Main-2/INFO]: Preparing spawn area: 0%
[22:29:46] [Worker-Main-2/INFO]: Preparing spawn area: 0%
[22:29:46] [Worker-Main-2/INFO]: Preparing spawn area: 0%
[22:29:46] [Worker-Main-2/INFO]: Preparing spawn area: 0%
[22:29:46] [Worker-Main-2/INFO]: Preparing spawn area: 0%
[22:29:46] [Server thread/INFO]: Time elapsed: 2727 ms
[22:29:46] [Server thread/INFO]: Done (3.028s)! For help, type "help"
[22:30:46] [Server thread/INFO]: Server empty for 60 seconds, pausing
[22:31:03] [Server thread/INFO]: horadelfarmeo[/127.151.185.38:46779] logged in with entity id 10 at (-167.5, 69.0, -88.5)
[22:31:03] [Server thread/INFO]: horadelfarmeo joined the game
[22:33:23] [Server thread/INFO]: Mstick_[/127.47.97.159:54955] logged in with entity id 973 at (-153.5, 72.0, -70.5)
[22:33:23] [Server thread/INFO]: Mstick_ joined the game
[22:37:31] [Server thread/INFO]: Mstick_ has made the advancement [Stone Age]
[22:37:50] [Server thread/INFO]: Mstick_ has made the advancement [Getting an Upgrade]
